Last Resultid :  541d517908eea231145f9c68
Saved   http://drvpaph01-test.openpolytechnic.ac.nz/sandbox/vivraj/test/index.php 541d51e4f3aa980a15acf263
Triggering node ./processurl.js "http://drvpaph01-test.openpolytechnic.ac.nz/sandbox/vivraj/test/index.php" "PHPSESSID=654t0vfmm5in0a7esmh9kns3l7"
Processing done for  http://drvpaph01-test.openpolytechnic.ac.nz/sandbox/vivraj/test/index.php 200
Saved  Saving header http://drvpaph01-test.openpolytechnic.ac.nz/sandbox/vivraj/test/index.php 541d51e4f3aa980a15acf263
Saved  Done http://drvpaph01-test.openpolytechnic.ac.nz/sandbox/vivraj/test/index.php 541d51e4f3aa980a15acf263
Saved  Saving new item http://drvpaph01-test.openpolytechnic.ac.nz/sandbox/vivraj/test/index.php 541d51e4f3aa980a15acf263
Saved  Saving new item http://drvpaph01-test.openpolytechnic.ac.nz/sandbox/vivraj/test/index.php 541d51e4f3aa980a15acf263
Saved  Saving new item http://drvpaph01-test.openpolytechnic.ac.nz/sandbox/vivraj/test/index.php 541d51e4f3aa980a15acf263
Saved  Saving new item http://drvpaph01-test.openpolytechnic.ac.nz/sandbox/vivraj/test/index.php 541d51e4f3aa980a15acf263
Saved  Saving new item http://drvpaph01-test.openpolytechnic.ac.nz/sandbox/vivraj/test/index.php 541d51e4f3aa980a15acf263
Triggering node ./processurl.js "http://campus2.openpolytechnic.ac.nz/mod/forum/view.php?id=92200436" "PHPSESSID=654t0vfmm5in0a7esmh9kns3l7"
Triggering node ./processurl.js "https://www.google.co.nz/" "PHPSESSID=654t0vfmm5in0a7esmh9kns3l7"
Triggering node ./processurl.js "http://campus2.openpolytechnic.ac.nz/mod/forum/view.php?id=92" "PHPSESSID=654t0vfmm5in0a7esmh9kns3l7"
Triggering node ./processurl.js "http://drvpaph01-test.openpolytechnic.ac.nz/sandbox/vivraj/test/images.php" "PHPSESSID=654t0vfmm5in0a7esmh9kns3l7"
Triggering node ./processurl.js "http://www.openpolytechnic.ac.nz/Not-Valid/" "PHPSESSID=654t0vfmm5in0a7esmh9kns3l7"
Triggering node ./processurl.js "http://drvpaph01-test.openpolytechnic.ac.nz/sandbox/vivraj/test/page2.php" "PHPSESSID=654t0vfmm5in0a7esmh9kns3l7"
Triggering node ./processurl.js "http://www.openpolytechnic.ac.nz/for-organisations/" "PHPSESSID=654t0vfmm5in0a7esmh9kns3l7"
Triggering node ./processurl.js "http://drvpaph01-test.openpolytechnic.ac.nz/sandbox/vivraj/test/page1.php" "PHPSESSID=654t0vfmm5in0a7esmh9kns3l7"
Triggering node ./processurl.js "http://www.sjdfhskdjf.co.nz/" "PHPSESSID=654t0vfmm5in0a7esmh9kns3l7"
Processing done for  http://drvpaph01-test.openpolytechnic.ac.nz/sandbox/vivraj/test/page2.php 200
Saved  Saving header http://drvpaph01-test.openpolytechnic.ac.nz/sandbox/vivraj/test/page2.php 541d51e6f3aa980a15acf265
Saved  Done http://drvpaph01-test.openpolytechnic.ac.nz/sandbox/vivraj/test/page2.php 541d51e6f3aa980a15acf265
-  Save old item http://drvpaph01-test.openpolytechnic.ac.nz/sandbox/vivraj/test/index.php 541d51e4f3aa980a15acf263
Saved  Addin to http://drvpaph01-test.openpolytechnic.ac.nz/sandbox/vivraj/test/page2.php 541d51e6f3aa980a15acf265
Saved  Saving old itm http://drvpaph01-test.openpolytechnic.ac.nz/sandbox/vivraj/test/index.php 541d51e4f3aa980a15acf263
Processing done for  http://drvpaph01-test.openpolytechnic.ac.nz/sandbox/vivraj/test/page1.php 200
Saved  Saving header http://drvpaph01-test.openpolytechnic.ac.nz/sandbox/vivraj/test/page1.php 541d51e6f3aa980a15acf264
-  Save old item http://drvpaph01-test.openpolytechnic.ac.nz/sandbox/vivraj/test/index.php 541d51e4f3aa980a15acf263
Saved  Saving new item http://drvpaph01-test.openpolytechnic.ac.nz/sandbox/vivraj/test/page1.php 541d51e6f3aa980a15acf264
Saved  Saving new item http://drvpaph01-test.openpolytechnic.ac.nz/sandbox/vivraj/test/page1.php 541d51e6f3aa980a15acf264
Saved  Addin to http://drvpaph01-test.openpolytechnic.ac.nz/sandbox/vivraj/test/page1.php 541d51e6f3aa980a15acf264
Saved  Saving old itm http://drvpaph01-test.openpolytechnic.ac.nz/sandbox/vivraj/test/index.php 541d51e4f3aa980a15acf263
Processing done for  http://drvpaph01-test.openpolytechnic.ac.nz/sandbox/vivraj/test/images.php 200
Saved  Saving header http://drvpaph01-test.openpolytechnic.ac.nz/sandbox/vivraj/test/images.php 541d51e6f3aa980a15acf266
Saved  Saving new item http://drvpaph01-test.openpolytechnic.ac.nz/sandbox/vivraj/test/images.php 541d51e6f3aa980a15acf266
Saved  Saving new item http://drvpaph01-test.openpolytechnic.ac.nz/sandbox/vivraj/test/images.php 541d51e6f3aa980a15acf266
-  Save old item http://drvpaph01-test.openpolytechnic.ac.nz/sandbox/vivraj/test/page1.php 541d51e6f3aa980a15acf264
Saved  Saving new item http://drvpaph01-test.openpolytechnic.ac.nz/sandbox/vivraj/test/images.php 541d51e6f3aa980a15acf266
Saved  Saving new item http://drvpaph01-test.openpolytechnic.ac.nz/sandbox/vivraj/test/images.php 541d51e6f3aa980a15acf266
Saved  Saving old itm http://drvpaph01-test.openpolytechnic.ac.nz/sandbox/vivraj/test/page1.php 541d51e6f3aa980a15acf264
Saved  Saving new item http://drvpaph01-test.openpolytechnic.ac.nz/sandbox/vivraj/test/images.php 541d51e6f3aa980a15acf266
Saved  Addin to http://drvpaph01-test.openpolytechnic.ac.nz/sandbox/vivraj/test/images.php 541d51e6f3aa980a15acf266
-  Save old item http://www.openpolytechnic.ac.nz/for-organisations/ 541d51e6f3aa980a15acf269
Saved  Saving old itm http://www.openpolytechnic.ac.nz/for-organisations/ 541d51e6f3aa980a15acf269
Saved  Addin to http://drvpaph01-test.openpolytechnic.ac.nz/sandbox/vivraj/test/images.php 541d51e6f3aa980a15acf266
-  Save old item http://drvpaph01-test.openpolytechnic.ac.nz/sandbox/vivraj/test/page2.php 541d51e6f3aa980a15acf265
Processing done for  http://www.sjdfhskdjf.co.nz/ 502
no of broken link 1 ["541d51e4f3aa980a15acf263"]
Saved  Done http://www.sjdfhskdjf.co.nz/ 541d51e6f3aa980a15acf268
Saved  Addin to http://drvpaph01-test.openpolytechnic.ac.nz/sandbox/vivraj/test/images.php 541d51e6f3aa980a15acf266
Saved  Saving header http://www.sjdfhskdjf.co.nz/ 541d51e6f3aa980a15acf268
Saved  Saving old itm http://drvpaph01-test.openpolytechnic.ac.nz/sandbox/vivraj/test/page2.php 541d51e6f3aa980a15acf265
-  Save old item http://www.openpolytechnic.ac.nz/Not-Valid/ 541d51e6f3aa980a15acf26a
Saved  Addin to http://drvpaph01-test.openpolytechnic.ac.nz/sandbox/vivraj/test/images.php 541d51e6f3aa980a15acf266
Saved  Saving old itm http://www.openpolytechnic.ac.nz/Not-Valid/ 541d51e6f3aa980a15acf26a
-  Save old item http://drvpaph01-test.openpolytechnic.ac.nz/sandbox/vivraj/test/index.php 541d51e4f3aa980a15acf263
Saved  Addin to http://drvpaph01-test.openpolytechnic.ac.nz/sandbox/vivraj/test/images.php 541d51e6f3aa980a15acf266
Saved  Saving old itm http://drvpaph01-test.openpolytechnic.ac.nz/sandbox/vivraj/test/index.php 541d51e4f3aa980a15acf263
-  Save old item http://campus2.openpolytechnic.ac.nz/mod/forum/view.php?id=92 541d51e6f3aa980a15acf26b
Saved  Addin to http://drvpaph01-test.openpolytechnic.ac.nz/sandbox/vivraj/test/images.php 541d51e6f3aa980a15acf266
Saved  Saving old itm http://campus2.openpolytechnic.ac.nz/mod/forum/view.php?id=92 541d51e6f3aa980a15acf26b
-  Save old item https://www.google.co.nz/ 541d51e6f3aa980a15acf267
Saved  Addin to http://drvpaph01-test.openpolytechnic.ac.nz/sandbox/vivraj/test/images.php 541d51e6f3aa980a15acf266
Saved  Saving old itm https://www.google.co.nz/ 541d51e6f3aa980a15acf267
-  Save old item http://campus2.openpolytechnic.ac.nz/mod/forum/view.php?id=92200436 541d51e6f3aa980a15acf26c
Saved  Addin to http://drvpaph01-test.openpolytechnic.ac.nz/sandbox/vivraj/test/images.php 541d51e6f3aa980a15acf266
Saved  Saving old itm http://campus2.openpolytechnic.ac.nz/mod/forum/view.php?id=92200436 541d51e6f3aa980a15acf26c
-  Save old item http://www.sjdfhskdjf.co.nz/ 541d51e6f3aa980a15acf268
Saved  Addin to http://drvpaph01-test.openpolytechnic.ac.nz/sandbox/vivraj/test/images.php 541d51e6f3aa980a15acf266
Saved  Saving old itm http://www.sjdfhskdjf.co.nz/ 541d51e6f3aa980a15acf268
Saved  saving broken http://drvpaph01-test.openpolytechnic.ac.nz/sandbox/vivraj/test/index.php 541d51e4f3aa980a15acf263
Processing done for  http://campus2.openpolytechnic.ac.nz/mod/forum/view.php?id=92200436 404
no of broken link 2 ["541d51e4f3aa980a15acf263"]
Saved  Done http://campus2.openpolytechnic.ac.nz/mod/forum/view.php?id=92200436 541d51e6f3aa980a15acf26c
Saved  saving broken http://drvpaph01-test.openpolytechnic.ac.nz/sandbox/vivraj/test/index.php 541d51e4f3aa980a15acf263
Processing done for  http://campus2.openpolytechnic.ac.nz/mod/forum/view.php?id=92 200
Saved  Done http://campus2.openpolytechnic.ac.nz/mod/forum/view.php?id=92 541d51e6f3aa980a15acf26b
Processing done for  http://www.openpolytechnic.ac.nz/Not-Valid/ 404
no of broken link 3 ["541d51e4f3aa980a15acf263"]
Saved  Done http://www.openpolytechnic.ac.nz/Not-Valid/ 541d51e6f3aa980a15acf26a
Saved  saving broken http://drvpaph01-test.openpolytechnic.ac.nz/sandbox/vivraj/test/index.php 541d51e4f3aa980a15acf263
Processing done for  https://www.google.co.nz/ 200
Saved  Done https://www.google.co.nz/ 541d51e6f3aa980a15acf267
Saved  Saving header https://www.google.co.nz/ 541d51e6f3aa980a15acf267
Processing done for  http://www.openpolytechnic.ac.nz/for-organisations/ 200
Saved  Done http://www.openpolytechnic.ac.nz/for-organisations/ 541d51e6f3aa980a15acf269
Triggering node ./processurl.js "http://drvpaph01-test.openpolytechnic.ac.nz/sandbox/vivraj/test/test1.jpg" "PHPSESSID=654t0vfmm5in0a7esmh9kns3l7"
Triggering node ./processurl.js "http://www.mytabletbooksqa.com/ProductImages/broken1.jpg" "PHPSESSID=654t0vfmm5in0a7esmh9kns3l7"
Triggering node ./processurl.js "http://drvpaph01-test.openpolytechnic.ac.nz/sandbox/vivraj/test/test.jpg" "PHPSESSID=654t0vfmm5in0a7esmh9kns3l7"
Triggering node ./processurl.js "http://www.mytabletbooksqa.com/ProductImages/test1.gif" "PHPSESSID=654t0vfmm5in0a7esmh9kns3l7"
Triggering node ./processurl.js "http://www.youtube.com/embed/01Xvq6mKFoU" "PHPSESSID=654t0vfmm5in0a7esmh9kns3l7"
Triggering node ./processurl.js "http://drvpaph01-test.openpolytechnic.ac.nz/sandbox/vivraj/test/page4.php" "PHPSESSID=654t0vfmm5in0a7esmh9kns3l7"
Triggering node ./processurl.js "http://drvpaph01-test.openpolytechnic.ac.nz/sandbox/vivraj/test/page3.php" "PHPSESSID=654t0vfmm5in0a7esmh9kns3l7"
Processing done for  http://drvpaph01-test.openpolytechnic.ac.nz/sandbox/vivraj/test/test.jpg 200
Saved  Saving header http://drvpaph01-test.openpolytechnic.ac.nz/sandbox/vivraj/test/test.jpg 541d51f6f3aa980a15acf26f
Saved  Done http://drvpaph01-test.openpolytechnic.ac.nz/sandbox/vivraj/test/test.jpg 541d51f6f3aa980a15acf26f
Processing done for  http://www.mytabletbooksqa.com/ProductImages/test1.gif 200
Saved  Done http://www.mytabletbooksqa.com/ProductImages/test1.gif 541d51f6f3aa980a15acf271
Saved  Saving header http://www.mytabletbooksqa.com/ProductImages/test1.gif 541d51f6f3aa980a15acf271
Processing done for  http://drvpaph01-test.openpolytechnic.ac.nz/sandbox/vivraj/test/page4.php 404
no of broken link 4 ["541d51e6f3aa980a15acf264"]
Saved  Done http://drvpaph01-test.openpolytechnic.ac.nz/sandbox/vivraj/test/page4.php 541d51f6f3aa980a15acf26e
Saved  Saving header http://drvpaph01-test.openpolytechnic.ac.nz/sandbox/vivraj/test/page4.php 541d51f6f3aa980a15acf26e
Processing done for  http://drvpaph01-test.openpolytechnic.ac.nz/sandbox/vivraj/test/test1.jpg 404
no of broken link 5 ["541d51e6f3aa980a15acf266"]
Saved  Done http://drvpaph01-test.openpolytechnic.ac.nz/sandbox/vivraj/test/test1.jpg 541d51f6f3aa980a15acf270
Saved  Saving header http://drvpaph01-test.openpolytechnic.ac.nz/sandbox/vivraj/test/test1.jpg 541d51f6f3aa980a15acf270
Saved  saving broken http://drvpaph01-test.openpolytechnic.ac.nz/sandbox/vivraj/test/page1.php 541d51e6f3aa980a15acf264
Processing done for  http://drvpaph01-test.openpolytechnic.ac.nz/sandbox/vivraj/test/page3.php 200
Saved  Saving header http://drvpaph01-test.openpolytechnic.ac.nz/sandbox/vivraj/test/page3.php 541d51f6f3aa980a15acf26d
Saved  saving broken http://drvpaph01-test.openpolytechnic.ac.nz/sandbox/vivraj/test/images.php 541d51e6f3aa980a15acf266
Saved  Done http://drvpaph01-test.openpolytechnic.ac.nz/sandbox/vivraj/test/page3.php 541d51f6f3aa980a15acf26d
-  Save old item http://drvpaph01-test.openpolytechnic.ac.nz/sandbox/vivraj/test/index.php 541d51e4f3aa980a15acf263
Saved  Addin to http://drvpaph01-test.openpolytechnic.ac.nz/sandbox/vivraj/test/page3.php 541d51f6f3aa980a15acf26d
Saved  Saving old itm http://drvpaph01-test.openpolytechnic.ac.nz/sandbox/vivraj/test/index.php 541d51e4f3aa980a15acf263
Processing done for  http://www.mytabletbooksqa.com/ProductImages/broken1.jpg 404
no of broken link 6 ["541d51e6f3aa980a15acf266"]
Saved  Done http://www.mytabletbooksqa.com/ProductImages/broken1.jpg 541d51f6f3aa980a15acf272
Saved  Saving header http://www.mytabletbooksqa.com/ProductImages/broken1.jpg 541d51f6f3aa980a15acf272
Saved  saving broken http://drvpaph01-test.openpolytechnic.ac.nz/sandbox/vivraj/test/images.php 541d51e6f3aa980a15acf266
Processing done for  http://www.youtube.com/embed/01Xvq6mKFoU 200
Saved  Saving header http://www.youtube.com/embed/01Xvq6mKFoU 541d51f6f3aa980a15acf273
Saved  Done http://www.youtube.com/embed/01Xvq6mKFoU 541d51f6f3aa980a15acf273
Waited for  1  seconds.
Waited for  2  seconds.
Waited for  3  seconds.
Waited for  4  seconds.
Waited for  5  seconds.
Waited for  6  seconds.
Waited for  7  seconds.
Waited for  8  seconds.
Waited for  9  seconds.
Waited for  10  seconds.
Waited for  11  seconds.
Doing the final check of broken links.
Found 4 Broken link
Saved  checlink broken http://drvpaph01-test.openpolytechnic.ac.nz/sandbox/vivraj/test/images.php 541d51e6f3aa980a15acf266
Waited for  1  seconds.
Waited for  2  seconds.
Waited for  3  seconds.
Waited for  4  seconds.
Waited for  5  seconds.
Waited for  6  seconds.
Waited for  7  seconds.
Waited for  8  seconds.
Waited for  9  seconds.
Waited for  10  seconds.
Waited for  11  seconds.
Waited for  12  seconds.
Waited for  13  seconds.
Waited for  14  seconds.
Waited for  15  seconds.
Waited for  16  seconds.
Waited for  17  seconds.
Waited for  18  seconds.
Waited for  19  seconds.
Waited for  20  seconds.
Waited for  21  seconds.
Waited for  22  seconds.
Waited for  23  seconds.
Waited for  24  seconds.
Waited for  25  seconds.
Waited for  26  seconds.
Waited for  27  seconds.
Waited for  28  seconds.
Waited for  29  seconds.
Waited for  30  seconds.
Waited for  31  seconds.
Saving the result of Broken links.
Waited for  32  seconds.
